2023-04-11 02:25:14,326 INFO t.FirstTest [main] Open browserstack
2023-04-11 02:31:21,756 INFO t.FirstTest [main] Open browserstack
2023-04-11 02:34:33,504 INFO t.FirstTest [main] Open browserstack
2023-04-11 02:37:07,315 INFO t.FirstTest [main] Open browserstack
2023-04-11 02:37:29,425 INFO t.FirstTest [main] Open browserstack
2023-04-11 02:38:51,163 INFO t.FirstTest [main] Open browserstack
2023-04-11 02:46:00,407 INFO t.FirstTest [main] Open browserstack
2023-04-11 02:46:48,897 INFO t.FirstTest [main] Open browserstack
2023-04-11 02:47:42,670 INFO t.FirstTest [main] Open browserstack
2023-04-14 01:13:09,416 INFO t.FirstTest [main] Open browserstack
2023-04-14 01:15:21,775 INFO t.FirstTest [main] Open browserstack
2023-04-14 01:21:31,291 INFO t.FirstTest [main] Open browserstack
2023-04-14 01:24:12,610 INFO t.FirstTest [main] Open browserstack
2023-04-14 01:32:07,889 INFO t.FirstTest [main] Open browserstack
2023-04-14 01:35:46,520 INFO t.FirstTest [main] Open browserstack
2023-04-14 02:39:44,295 INFO t.FirstTest [main] Open browserstack
2023-04-14 02:41:01,877 INFO t.FirstTest [main] Open browserstack
2023-04-14 02:41:27,245 INFO t.FirstTest [main] Open browserstack
2023-04-14 02:52:23,107 INFO t.FirstTest [main] Open browserstack
2023-04-14 02:54:37,387 INFO t.FirstTest [main] Open browserstack
2023-04-14 03:02:15,402 INFO t.FirstTest [main] Open browserstack
2023-04-14 03:03:18,493 INFO t.FirstTest [main] Open browserstack
2023-04-14 03:03:59,415 INFO t.FirstTest [main] Open browserstack
2023-04-14 03:05:17,677 INFO t.FirstTest [main] Open browserstack
2023-04-14 14:25:30,552 INFO t.FirstTest [main] Open browserstack
2023-04-18 02:33:53,499 INFO t.FirstTest [main] Open browserstack
2023-04-18 02:34:43,677 INFO t.FirstTest [main] Open browserstack
2023-04-18 05:26:05,810 INFO t.FirstTest [main] Open browserstack
2023-04-18 05:26:06,674 INFO t.FirstTest [main] Confirm the agreement
2023-04-18 05:26:15,326 INFO t.FirstTest [main] Accept Cookies
2023-04-18 05:26:15,709 INFO t.FirstTest [main] Type Username
2023-04-18 05:26:15,767 INFO t.FirstTest [main] Type Password
2023-04-18 05:37:48,828 INFO t.FirstTest [main] Open browserstack
2023-04-18 05:39:53,658 INFO t.FirstTest [main] Open browserstack
2023-04-18 05:41:22,964 INFO t.FirstTest [main] Open browserstack
2023-04-18 05:41:23,837 INFO t.FirstTest [main] Confirm the agreement
2023-04-18 05:41:26,565 INFO t.FirstTest [main] Accept Cookies
2023-04-18 05:41:26,959 INFO t.FirstTest [main] Type Username
2023-04-18 05:41:27,016 INFO t.FirstTest [main] Type Password
2023-04-18 05:42:20,132 INFO t.FirstTest [main] Open browserstack
2023-04-18 05:42:21,189 INFO t.FirstTest [main] Confirm the agreement
2023-04-18 05:42:25,956 INFO t.FirstTest [main] Accept Cookies
2023-04-18 05:42:26,339 INFO t.FirstTest [main] Type Username
2023-04-18 05:42:26,395 INFO t.FirstTest [main] Type Password
2023-04-18 05:42:47,584 INFO t.FirstTest [main] Open browserstack
2023-04-18 05:42:48,438 INFO t.FirstTest [main] Confirm the agreement
2023-04-18 05:42:50,467 INFO t.FirstTest [main] Accept Cookies
2023-04-18 05:42:50,830 INFO t.FirstTest [main] Type Username
2023-04-18 05:42:50,886 INFO t.FirstTest [main] Type Password
2023-04-18 05:43:05,515 INFO t.FirstTest [main] Open browserstack
2023-04-18 05:43:06,320 INFO t.FirstTest [main] Confirm the agreement
2023-04-18 05:43:09,088 INFO t.FirstTest [main] Accept Cookies
2023-04-18 05:43:09,473 INFO t.FirstTest [main] Type Username
2023-04-18 05:43:09,529 INFO t.FirstTest [main] Type Password
2023-04-21 00:56:57,526 INFO t.FirstTest [main] Open browserstack
2023-04-21 00:58:18,130 INFO t.FirstTest [main] Open browserstack
2023-04-21 00:58:19,525 INFO t.FirstTest [main] Confirm the agreement
2023-04-21 00:58:21,460 INFO t.FirstTest [main] Accept Cookies
2023-04-21 00:58:21,802 INFO t.FirstTest [main] Type Username
2023-04-21 00:58:21,858 INFO t.FirstTest [main] Type Password
2023-04-24 23:14:59,361 INFO p.EligibilityPage [main] Open browserstack
2023-04-24 23:15:22,754 INFO p.EligibilityPage [main] Open browserstack
2023-04-24 23:39:33,438 INFO p.BasePage [main] Open browserstack
2023-04-24 23:43:35,023 INFO p.BasePage [main] Open browserstack
2023-04-25 00:33:58,894 INFO p.BasePage [main] Open browserstack
2023-04-25 00:34:16,874 INFO p.BasePage [main] Open browserstack
2023-04-25 00:47:08,116 INFO p.BasePage [main] Open browserstack
2023-04-25 00:47:08,197 INFO p.BasePage [main] Confirm the agreement
2023-04-25 00:47:10,932 INFO p.BasePage [main] Accept Cookies
2023-04-25 00:47:11,554 INFO p.BasePage [main] Open browserstack
2023-04-25 00:53:12,925 INFO p.BasePage [main] Open browserstack
2023-04-25 00:53:13,009 INFO p.BasePage [main] Confirm the agreement
2023-04-25 00:53:14,823 INFO p.BasePage [main] Accept Cookies
2023-04-25 00:53:14,823 INFO p.BasePage [main] Open browserstack
2023-04-25 00:55:27,555 INFO p.BasePage [main] Open browserstack
2023-04-25 00:55:27,635 INFO p.BasePage [main] Confirm the agreement
2023-04-25 00:55:29,558 INFO p.BasePage [main] Accept Cookies
2023-04-25 00:55:29,558 INFO p.BasePage [main] Open browserstack
2023-04-25 00:56:39,035 INFO p.BasePage [main] Open browserstack
2023-04-25 00:56:39,114 INFO p.BasePage [main] Confirm the agreement
2023-04-25 00:56:41,595 INFO p.BasePage [main] Accept Cookies
2023-04-25 00:56:41,596 INFO p.BasePage [main] Open browserstack
2023-04-25 00:58:07,139 INFO p.BasePage [main] Open browserstack
2023-04-25 00:58:07,220 INFO p.BasePage [main] Confirm the agreement
2023-04-25 00:58:08,888 INFO p.BasePage [main] Accept Cookies
2023-04-25 00:58:09,014 INFO p.BasePage [main] Open browserstack
2023-04-25 01:02:36,334 INFO p.BasePage [main] Open browserstack
2023-04-25 01:02:36,411 INFO p.BasePage [main] Confirm the agreement
2023-04-25 01:02:38,237 INFO p.BasePage [main] Accept Cookies
2023-04-25 01:02:38,282 INFO p.BasePage [main] Open browserstack
2023-04-25 01:04:25,047 INFO p.BasePage [main] Open browserstack
2023-04-25 01:04:25,126 INFO p.BasePage [main] Confirm the agreement
2023-04-25 01:04:27,835 INFO p.BasePage [main] Accept Cookies
2023-04-25 01:09:01,914 INFO p.BasePage [main] Open browserstack
2023-04-25 01:09:01,998 INFO p.BasePage [main] Confirm the agreement
2023-04-25 01:09:03,965 INFO p.BasePage [main] Accept Cookies
2023-04-25 01:09:03,965 INFO p.BasePage [main] Open browserstack
2023-04-25 01:11:18,922 INFO p.BasePage [main] Open browserstack
2023-04-25 01:11:18,997 INFO p.BasePage [main] Confirm the agreement
2023-04-25 01:11:21,835 INFO p.BasePage [main] Accept Cookies
2023-04-25 01:11:22,053 INFO p.BasePage [main] Open browserstack
2023-04-25 01:12:36,510 INFO p.BasePage [main] Open browserstack
2023-04-25 01:12:36,585 INFO p.BasePage [main] Confirm the agreement
2023-04-25 01:12:39,240 INFO p.BasePage [main] Accept Cookies
2023-04-25 01:12:39,432 INFO p.BasePage [main] Open browserstack
2023-04-25 01:12:39,471 INFO p.BasePage [main] Confirm the agreement
2023-04-25 01:12:39,636 INFO p.BasePage [main] Open browserstack
2023-04-25 01:12:39,663 INFO p.BasePage [main] Confirm the agreement
2023-04-25 01:12:39,885 INFO p.BasePage [main] Open browserstack
2023-04-25 01:12:39,914 INFO p.BasePage [main] Confirm the agreement
2023-04-25 01:12:41,596 INFO p.BasePage [main] Open browserstack
2023-04-25 01:12:41,624 INFO p.BasePage [main] Confirm the agreement
2023-04-25 01:12:42,075 INFO p.BasePage [main] Open browserstack
2023-04-25 01:12:42,104 INFO p.BasePage [main] Confirm the agreement
2023-04-26 02:09:40,117 INFO p.BasePage [main] Open browserstack
2023-04-26 02:09:40,194 INFO p.BasePage [main] Confirm the agreement
2023-04-26 02:09:42,752 INFO p.BasePage [main] Accept Cookies
2023-04-26 02:09:43,144 INFO p.BasePage [main] Type Username
2023-04-26 02:09:43,144 INFO p.BasePage [main] Type Password
2023-04-26 02:12:44,668 INFO p.BasePage [main] Open browserstack
2023-04-26 02:12:44,750 INFO p.BasePage [main] Confirm the agreement
2023-04-26 02:12:46,654 INFO p.BasePage [main] Accept Cookies
2023-04-26 02:12:47,086 INFO p.BasePage [main] Type Username
2023-04-26 02:12:47,086 INFO p.BasePage [main] Type Password
2023-04-26 02:19:21,182 INFO p.BasePage [main] Open browserstack
2023-04-26 02:19:21,260 INFO p.BasePage [main] Confirm the agreement
2023-04-26 02:19:24,014 INFO p.BasePage [main] Accept Cookies
2023-04-26 02:19:24,453 INFO p.BasePage [main] Type Username
2023-04-26 02:19:24,453 INFO p.BasePage [main] Type Password
2023-04-26 02:21:24,582 INFO p.BasePage [main] Open browserstack
2023-04-26 02:21:24,659 INFO p.BasePage [main] Confirm the agreement
2023-04-26 02:21:26,424 INFO p.BasePage [main] Accept Cookies
2023-04-26 02:21:26,865 INFO p.BasePage [main] Type Username
2023-04-26 02:21:26,866 INFO p.BasePage [main] Type Password
2023-04-26 02:24:50,555 INFO p.BasePage [main] Open browserstack
2023-04-26 02:24:50,634 INFO p.BasePage [main] Confirm the agreement
2023-04-26 02:24:53,471 INFO p.BasePage [main] Accept Cookies
2023-04-26 02:24:53,909 INFO p.BasePage [main] Type Username
2023-04-26 02:24:53,909 INFO p.BasePage [main] Type Password
2023-04-26 23:23:45,656 INFO p.BasePage [main] Open browserstack
2023-04-26 23:23:45,734 INFO p.BasePage [main] Confirm the agreement
2023-04-26 23:23:47,618 INFO p.BasePage [main] Accept Cookies
2023-04-26 23:23:48,053 INFO p.BasePage [main] Type Username
2023-04-26 23:23:48,053 INFO p.BasePage [main] Type Password
2023-04-26 23:33:43,608 INFO p.BasePage [main] Open browserstack
2023-04-26 23:33:43,684 INFO p.BasePage [main] Confirm the agreement
2023-04-26 23:33:45,407 INFO p.BasePage [main] Accept Cookies
2023-04-26 23:33:45,860 INFO p.BasePage [main] Type Username
2023-04-26 23:33:45,860 INFO p.BasePage [main] Type Password
2023-04-26 23:35:13,825 INFO p.BasePage [main] Open browserstack
2023-04-26 23:35:13,901 INFO p.BasePage [main] Confirm the agreement
2023-04-26 23:35:16,486 INFO p.BasePage [main] Accept Cookies
2023-04-26 23:35:16,922 INFO p.BasePage [main] Type Username
2023-04-26 23:35:16,922 INFO p.BasePage [main] Type Password
2023-04-26 23:36:14,114 INFO p.BasePage [main] Open browserstack
2023-04-26 23:36:14,195 INFO p.BasePage [main] Confirm the agreement
2023-04-26 23:36:16,502 INFO p.BasePage [main] Accept Cookies
2023-04-26 23:36:16,940 INFO p.BasePage [main] Type Username
2023-04-26 23:36:16,940 INFO p.BasePage [main] Type Password
2023-04-26 23:36:22,624 INFO p.BasePage [main] Open browserstack
2023-04-26 23:36:22,659 INFO p.BasePage [main] Confirm the agreement
2023-04-26 23:39:27,660 INFO p.BasePage [main] Open browserstack
2023-04-26 23:39:27,739 INFO p.BasePage [main] Confirm the agreement
2023-04-26 23:39:30,401 INFO p.BasePage [main] Accept Cookies
2023-04-26 23:39:30,841 INFO p.BasePage [main] Type Username
2023-04-26 23:39:30,841 INFO p.BasePage [main] Type Password
2023-04-26 23:40:58,706 INFO p.BasePage [main] Open browserstack
2023-04-26 23:40:58,782 INFO p.BasePage [main] Confirm the agreement
2023-04-26 23:41:01,480 INFO p.BasePage [main] Accept Cookies
2023-04-26 23:41:01,902 INFO p.BasePage [main] Type Username
2023-04-26 23:41:01,902 INFO p.BasePage [main] Type Password
2023-04-26 23:41:04,910 INFO p.BasePage [main] Open browserstack
2023-04-26 23:41:04,945 INFO p.BasePage [main] Confirm the agreement
2023-04-26 23:45:47,008 INFO p.BasePage [main] Open browserstack
2023-04-26 23:45:47,088 INFO p.BasePage [main] Confirm the agreement
2023-04-26 23:45:49,578 INFO p.BasePage [main] Accept Cookies
2023-04-26 23:45:50,011 INFO p.BasePage [main] Type Username
2023-04-26 23:45:50,011 INFO p.BasePage [main] Type Password
2023-04-26 23:45:52,820 INFO p.BasePage [main] Open browserstack
2023-04-26 23:45:52,854 INFO p.BasePage [main] Confirm the agreement
2023-04-26 23:46:40,072 INFO p.BasePage [main] Open browserstack
2023-04-26 23:46:40,150 INFO p.BasePage [main] Confirm the agreement
2023-04-26 23:46:42,003 INFO p.BasePage [main] Accept Cookies
2023-04-26 23:46:42,436 INFO p.BasePage [main] Type Username
2023-04-26 23:46:42,436 INFO p.BasePage [main] Type Password
2023-04-26 23:47:28,696 INFO p.BasePage [main] Open browserstack
2023-04-26 23:47:28,775 INFO p.BasePage [main] Confirm the agreement
2023-04-26 23:47:32,491 INFO p.BasePage [main] Accept Cookies
2023-04-26 23:47:32,920 INFO p.BasePage [main] Type Username
2023-04-26 23:47:32,920 INFO p.BasePage [main] Type Password
2023-04-26 23:47:38,810 INFO p.BasePage [main] Open browserstack
2023-04-26 23:47:38,844 INFO p.BasePage [main] Confirm the agreement
2023-04-26 23:47:39,761 INFO p.BasePage [main] Type Username
2023-04-26 23:47:39,761 INFO p.BasePage [main] Type Password
2023-04-26 23:47:41,493 INFO p.BasePage [main] Open browserstack
2023-04-26 23:47:41,527 INFO p.BasePage [main] Confirm the agreement
2023-04-26 23:47:42,391 INFO p.BasePage [main] Type Username
2023-04-26 23:47:42,391 INFO p.BasePage [main] Type Password
2023-04-26 23:47:43,974 INFO p.BasePage [main] Open browserstack
2023-04-26 23:47:44,014 INFO p.BasePage [main] Confirm the agreement
2023-04-26 23:47:44,764 INFO p.BasePage [main] Type Username
2023-04-26 23:47:44,764 INFO p.BasePage [main] Type Password
2023-04-26 23:47:46,277 INFO p.BasePage [main] Open browserstack
2023-04-26 23:47:46,314 INFO p.BasePage [main] Confirm the agreement
2023-04-26 23:47:47,168 INFO p.BasePage [main] Type Username
2023-04-26 23:47:47,168 INFO p.BasePage [main] Type Password
2023-04-26 23:47:48,938 INFO p.BasePage [main] Open browserstack
2023-04-26 23:47:48,969 INFO p.BasePage [main] Confirm the agreement
2023-04-26 23:47:49,813 INFO p.BasePage [main] Type Username
2023-04-26 23:47:49,813 INFO p.BasePage [main] Type Password
2023-04-26 23:53:10,851 INFO p.BasePage [main] Open browserstack
2023-04-26 23:53:10,926 INFO p.BasePage [main] Confirm the agreement
2023-04-26 23:53:12,714 INFO p.BasePage [main] Accept Cookies
2023-04-26 23:53:13,091 INFO p.BasePage [main] Type Username
2023-04-26 23:53:13,091 INFO p.BasePage [main] Type Password
2023-04-26 23:53:16,382 INFO p.BasePage [main] Open browserstack
2023-04-26 23:53:16,418 INFO p.BasePage [main] Confirm the agreement
2023-04-26 23:53:17,284 INFO p.BasePage [main] Type Username
2023-04-26 23:53:17,284 INFO p.BasePage [main] Type Password
2023-04-26 23:53:19,040 INFO p.BasePage [main] Open browserstack
2023-04-26 23:53:19,079 INFO p.BasePage [main] Confirm the agreement
2023-04-26 23:53:19,865 INFO p.BasePage [main] Type Username
2023-04-26 23:53:19,865 INFO p.BasePage [main] Type Password
2023-04-26 23:53:21,421 INFO p.BasePage [main] Open browserstack
2023-04-26 23:53:21,456 INFO p.BasePage [main] Confirm the agreement
2023-04-26 23:53:22,284 INFO p.BasePage [main] Type Username
2023-04-26 23:53:22,284 INFO p.BasePage [main] Type Password
2023-04-26 23:53:23,842 INFO p.BasePage [main] Open browserstack
2023-04-26 23:53:23,881 INFO p.BasePage [main] Confirm the agreement
2023-04-26 23:53:24,670 INFO p.BasePage [main] Type Username
2023-04-26 23:53:24,670 INFO p.BasePage [main] Type Password
2023-04-26 23:53:26,277 INFO p.BasePage [main] Open browserstack
2023-04-26 23:53:26,318 INFO p.BasePage [main] Confirm the agreement
2023-04-26 23:53:27,122 INFO p.BasePage [main] Type Username
2023-04-26 23:53:27,122 INFO p.BasePage [main] Type Password
2023-04-27 00:07:07,671 INFO p.BasePage [main] Open browserstack
2023-04-27 00:07:07,748 INFO p.BasePage [main] Confirm the agreement
2023-04-27 00:07:09,616 INFO p.BasePage [main] Accept Cookies
2023-04-27 00:07:10,042 INFO p.BasePage [main] Type Username
2023-04-27 00:07:10,042 INFO p.BasePage [main] Type Password
2023-04-27 00:07:14,823 INFO p.BasePage [main] Open browserstack
2023-04-27 00:07:14,860 INFO p.BasePage [main] Confirm the agreement
2023-04-27 00:07:15,768 INFO p.BasePage [main] Type Username
2023-04-27 00:07:15,768 INFO p.BasePage [main] Type Password
2023-04-27 00:07:17,942 INFO p.BasePage [main] Open browserstack
2023-04-27 00:07:17,976 INFO p.BasePage [main] Confirm the agreement
2023-04-27 00:07:18,773 INFO p.BasePage [main] Type Username
2023-04-27 00:07:18,773 INFO p.BasePage [main] Type Password
2023-04-27 00:07:21,316 INFO p.BasePage [main] Open browserstack
2023-04-27 00:07:21,351 INFO p.BasePage [main] Confirm the agreement
2023-04-27 00:07:22,564 INFO p.BasePage [main] Type Username
2023-04-27 00:07:22,564 INFO p.BasePage [main] Type Password
2023-04-27 00:07:24,586 INFO p.BasePage [main] Open browserstack
2023-04-27 00:07:24,619 INFO p.BasePage [main] Confirm the agreement
2023-04-27 00:07:25,608 INFO p.BasePage [main] Type Username
2023-04-27 00:07:25,608 INFO p.BasePage [main] Type Password
2023-04-27 00:07:29,425 INFO p.BasePage [main] Open browserstack
2023-04-27 00:07:29,459 INFO p.BasePage [main] Confirm the agreement
2023-04-27 00:07:30,818 INFO p.BasePage [main] Type Username
2023-04-27 00:07:30,819 INFO p.BasePage [main] Type Password
2023-04-27 02:39:06,433 INFO p.BasePage [main] Open browserstack
2023-04-27 02:39:20,276 INFO p.BasePage [main] Open browserstack
2023-04-27 02:39:20,354 INFO p.BasePage [main] Confirm the agreement
2023-04-27 02:39:22,439 INFO p.BasePage [main] Accept Cookies
2023-04-27 02:39:22,885 INFO p.BasePage [main] Type Username
2023-04-27 02:39:22,886 INFO p.BasePage [main] Type Password
2023-04-27 02:44:17,038 INFO p.BasePage [main] Open browserstack
2023-04-27 02:44:17,115 INFO p.BasePage [main] Confirm the agreement
2023-04-27 02:44:18,891 INFO p.BasePage [main] Accept Cookies
2023-04-27 02:44:19,333 INFO p.BasePage [main] Type Username
2023-04-27 02:44:19,333 INFO p.BasePage [main] Type Password
2023-04-27 02:47:39,771 INFO p.BasePage [main] Open browserstack
2023-04-27 02:47:39,847 INFO p.BasePage [main] Confirm the agreement
2023-04-27 02:47:41,722 INFO p.BasePage [main] Accept Cookies
2023-04-27 02:47:42,165 INFO p.BasePage [main] Type Username
2023-04-27 02:47:42,165 INFO p.BasePage [main] Type Password
2023-04-27 02:48:55,704 INFO p.BasePage [main] Open browserstack
2023-04-27 02:48:55,781 INFO p.BasePage [main] Confirm the agreement
2023-04-27 02:48:57,528 INFO p.BasePage [main] Accept Cookies
2023-04-27 02:48:57,917 INFO p.BasePage [main] Type Username
2023-04-27 02:48:57,917 INFO p.BasePage [main] Type Password
2023-04-27 02:50:43,571 INFO p.BasePage [main] Open browserstack
2023-04-27 02:50:43,648 INFO p.BasePage [main] Confirm the agreement
2023-04-27 02:50:46,334 INFO p.BasePage [main] Accept Cookies
2023-04-27 02:50:46,777 INFO p.BasePage [main] Type Username
2023-04-27 02:50:46,777 INFO p.BasePage [main] Type Password
2023-04-27 02:50:49,258 INFO p.BasePage [main] Open browserstack
2023-04-27 02:50:49,291 INFO p.BasePage [main] Confirm the agreement
2023-04-27 02:50:50,162 INFO p.BasePage [main] Type Username
2023-04-27 02:50:50,162 INFO p.BasePage [main] Type Password
2023-04-27 02:50:52,164 INFO p.BasePage [main] Open browserstack
2023-04-27 02:50:52,198 INFO p.BasePage [main] Confirm the agreement
2023-04-27 02:50:53,043 INFO p.BasePage [main] Type Username
2023-04-27 02:50:53,043 INFO p.BasePage [main] Type Password
2023-04-27 02:50:54,992 INFO p.BasePage [main] Open browserstack
2023-04-27 02:50:55,030 INFO p.BasePage [main] Confirm the agreement
2023-04-27 02:50:55,847 INFO p.BasePage [main] Type Username
2023-04-27 02:50:55,847 INFO p.BasePage [main] Type Password
2023-04-27 02:50:57,626 INFO p.BasePage [main] Open browserstack
2023-04-27 02:50:57,660 INFO p.BasePage [main] Confirm the agreement
2023-04-27 02:50:58,531 INFO p.BasePage [main] Type Username
2023-04-27 02:50:58,531 INFO p.BasePage [main] Type Password
2023-04-27 02:51:00,481 INFO p.BasePage [main] Open browserstack
2023-04-27 02:51:00,514 INFO p.BasePage [main] Confirm the agreement
2023-04-27 02:51:01,279 INFO p.BasePage [main] Type Username
2023-04-27 02:51:01,279 INFO p.BasePage [main] Type Password
2023-04-27 02:51:41,561 INFO p.BasePage [main] Open browserstack
2023-04-27 02:51:41,641 INFO p.BasePage [main] Confirm the agreement
2023-04-27 02:51:43,320 INFO p.BasePage [main] Accept Cookies
2023-04-27 02:51:43,761 INFO p.BasePage [main] Type Username
2023-04-27 02:51:43,761 INFO p.BasePage [main] Type Password
2023-04-27 02:51:46,761 INFO p.BasePage [main] Open browserstack
2023-04-27 02:51:46,796 INFO p.BasePage [main] Confirm the agreement
2023-04-27 02:51:47,646 INFO p.BasePage [main] Type Username
2023-04-27 02:51:47,646 INFO p.BasePage [main] Type Password
2023-04-27 02:51:49,724 INFO p.BasePage [main] Open browserstack
2023-04-27 02:51:49,756 INFO p.BasePage [main] Confirm the agreement
2023-04-27 02:51:50,543 INFO p.BasePage [main] Type Username
2023-04-27 02:51:50,543 INFO p.BasePage [main] Type Password
2023-04-27 02:51:52,472 INFO p.BasePage [main] Open browserstack
2023-04-27 02:51:52,512 INFO p.BasePage [main] Confirm the agreement
2023-04-27 02:51:53,311 INFO p.BasePage [main] Type Username
2023-04-27 02:51:53,311 INFO p.BasePage [main] Type Password
2023-04-27 02:51:55,240 INFO p.BasePage [main] Open browserstack
2023-04-27 02:51:55,273 INFO p.BasePage [main] Confirm the agreement
2023-04-27 02:51:56,020 INFO p.BasePage [main] Type Username
2023-04-27 02:51:56,020 INFO p.BasePage [main] Type Password
2023-04-27 02:51:57,983 INFO p.BasePage [main] Open browserstack
2023-04-27 02:51:58,017 INFO p.BasePage [main] Confirm the agreement
2023-04-27 02:51:58,900 INFO p.BasePage [main] Type Username
2023-04-27 02:51:58,901 INFO p.BasePage [main] Type Password
2023-04-27 02:54:34,260 INFO p.BasePage [main] Open browserstack
2023-04-27 02:54:34,337 INFO p.BasePage [main] Confirm the agreement
2023-04-27 02:54:36,071 INFO p.BasePage [main] Accept Cookies
2023-04-27 02:54:36,501 INFO p.BasePage [main] Type Username
2023-04-27 02:54:36,501 INFO p.BasePage [main] Type Password
2023-04-27 02:54:39,568 INFO p.BasePage [main] Open browserstack
2023-04-27 02:54:39,605 INFO p.BasePage [main] Confirm the agreement
2023-04-27 02:54:40,495 INFO p.BasePage [main] Type Username
2023-04-27 02:54:40,495 INFO p.BasePage [main] Type Password
2023-04-27 02:54:42,519 INFO p.BasePage [main] Open browserstack
2023-04-27 02:54:42,550 INFO p.BasePage [main] Confirm the agreement
2023-04-27 02:54:43,307 INFO p.BasePage [main] Type Username
2023-04-27 02:54:43,307 INFO p.BasePage [main] Type Password
2023-04-27 02:54:45,341 INFO p.BasePage [main] Open browserstack
2023-04-27 02:54:45,374 INFO p.BasePage [main] Confirm the agreement
2023-04-27 02:54:46,218 INFO p.BasePage [main] Type Username
2023-04-27 02:54:46,218 INFO p.BasePage [main] Type Password
2023-04-27 02:54:48,267 INFO p.BasePage [main] Open browserstack
2023-04-27 02:54:48,300 INFO p.BasePage [main] Confirm the agreement
2023-04-27 02:54:49,136 INFO p.BasePage [main] Type Username
2023-04-27 02:54:49,136 INFO p.BasePage [main] Type Password
2023-04-27 02:54:51,020 INFO p.BasePage [main] Open browserstack
2023-04-27 02:54:51,054 INFO p.BasePage [main] Confirm the agreement
2023-04-27 02:54:51,832 INFO p.BasePage [main] Type Username
2023-04-27 02:54:51,832 INFO p.BasePage [main] Type Password
2023-04-27 03:01:26,565 INFO p.BasePage [main] Open browserstack
2023-04-27 03:01:26,641 INFO p.BasePage [main] Confirm the agreement
2023-04-27 03:01:29,900 INFO p.BasePage [main] Accept Cookies
2023-04-27 03:01:30,331 INFO p.BasePage [main] Type Username
2023-04-27 03:01:30,331 INFO p.BasePage [main] Type Password
2023-04-27 03:04:28,016 INFO p.BasePage [main] Open browserstack
2023-04-27 03:04:28,095 INFO p.BasePage [main] Confirm the agreement
2023-04-27 03:04:30,147 INFO p.BasePage [main] Accept Cookies
2023-04-27 03:04:30,586 INFO p.BasePage [main] Type Username
2023-04-27 03:04:30,586 INFO p.BasePage [main] Type Password
2023-04-27 03:04:33,473 INFO p.BasePage [main] Open browserstack
2023-04-27 03:04:33,507 INFO p.BasePage [main] Confirm the agreement
2023-04-27 03:04:34,502 INFO p.BasePage [main] Type Username
2023-04-27 03:04:34,503 INFO p.BasePage [main] Type Password
2023-04-27 03:04:37,426 INFO p.BasePage [main] Open browserstack
2023-04-27 03:04:37,464 INFO p.BasePage [main] Confirm the agreement
2023-04-27 03:04:38,317 INFO p.BasePage [main] Type Username
2023-04-27 03:04:38,317 INFO p.BasePage [main] Type Password
2023-04-27 03:04:40,358 INFO p.BasePage [main] Open browserstack
2023-04-27 03:04:40,392 INFO p.BasePage [main] Confirm the agreement
2023-04-27 03:04:41,225 INFO p.BasePage [main] Type Username
2023-04-27 03:04:41,225 INFO p.BasePage [main] Type Password
2023-04-27 03:04:43,227 INFO p.BasePage [main] Open browserstack
2023-04-27 03:04:43,260 INFO p.BasePage [main] Confirm the agreement
2023-04-27 03:04:44,035 INFO p.BasePage [main] Type Username
2023-04-27 03:04:44,035 INFO p.BasePage [main] Type Password
2023-04-27 03:04:46,165 INFO p.BasePage [main] Open browserstack
2023-04-27 03:04:46,199 INFO p.BasePage [main] Confirm the agreement
2023-04-27 03:04:47,045 INFO p.BasePage [main] Type Username
2023-04-27 03:04:47,045 INFO p.BasePage [main] Type Password
2023-04-27 03:05:44,501 INFO p.BasePage [main] Open browserstack
2023-04-27 03:05:44,578 INFO p.BasePage [main] Confirm the agreement
2023-04-27 03:05:46,314 INFO p.BasePage [main] Accept Cookies
2023-04-27 03:05:46,758 INFO p.BasePage [main] Type Username
2023-04-27 03:05:46,758 INFO p.BasePage [main] Type Password
2023-04-27 03:05:50,807 INFO p.BasePage [main] Open browserstack
2023-04-27 03:05:50,842 INFO p.BasePage [main] Confirm the agreement
2023-04-27 03:05:51,736 INFO p.BasePage [main] Type Username
2023-04-27 03:05:51,736 INFO p.BasePage [main] Type Password
2023-04-27 03:05:53,787 INFO p.BasePage [main] Open browserstack
2023-04-27 03:05:53,823 INFO p.BasePage [main] Confirm the agreement
2023-04-27 03:05:54,674 INFO p.BasePage [main] Type Username
2023-04-27 03:05:54,674 INFO p.BasePage [main] Type Password
2023-04-27 03:05:57,581 INFO p.BasePage [main] Open browserstack
2023-04-27 03:05:57,615 INFO p.BasePage [main] Confirm the agreement
2023-04-27 03:05:58,454 INFO p.BasePage [main] Type Username
2023-04-27 03:05:58,454 INFO p.BasePage [main] Type Password
2023-04-27 03:06:01,205 INFO p.BasePage [main] Open browserstack
2023-04-27 03:06:01,240 INFO p.BasePage [main] Confirm the agreement
2023-04-27 03:06:02,069 INFO p.BasePage [main] Type Username
2023-04-27 03:06:02,069 INFO p.BasePage [main] Type Password
2023-04-27 03:06:03,943 INFO p.BasePage [main] Open browserstack
2023-04-27 03:06:03,983 INFO p.BasePage [main] Confirm the agreement
2023-04-27 03:06:04,836 INFO p.BasePage [main] Type Username
2023-04-27 03:06:04,836 INFO p.BasePage [main] Type Password
2023-04-27 03:06:40,138 INFO p.BasePage [main] Open browserstack
2023-04-27 03:06:40,218 INFO p.BasePage [main] Confirm the agreement
2023-04-27 03:06:42,010 INFO p.BasePage [main] Accept Cookies
2023-04-27 03:06:42,451 INFO p.BasePage [main] Type Username
2023-04-27 03:06:42,452 INFO p.BasePage [main] Type Password
2023-04-27 03:06:46,344 INFO p.BasePage [main] Open browserstack
2023-04-27 03:06:46,378 INFO p.BasePage [main] Confirm the agreement
2023-04-27 03:06:47,194 INFO p.BasePage [main] Type Username
2023-04-27 03:06:47,194 INFO p.BasePage [main] Type Password
2023-04-27 03:06:48,980 INFO p.BasePage [main] Open browserstack
2023-04-27 03:06:49,021 INFO p.BasePage [main] Confirm the agreement
2023-04-27 03:06:49,837 INFO p.BasePage [main] Type Username
2023-04-27 03:06:49,837 INFO p.BasePage [main] Type Password
2023-04-27 03:06:52,498 INFO p.BasePage [main] Open browserstack
2023-04-27 03:06:52,532 INFO p.BasePage [main] Confirm the agreement
2023-04-27 03:06:53,329 INFO p.BasePage [main] Type Username
2023-04-27 03:06:53,329 INFO p.BasePage [main] Type Password
2023-04-27 03:06:55,293 INFO p.BasePage [main] Open browserstack
2023-04-27 03:06:55,327 INFO p.BasePage [main] Confirm the agreement
2023-04-27 03:06:56,124 INFO p.BasePage [main] Type Username
2023-04-27 03:06:56,124 INFO p.BasePage [main] Type Password
2023-04-27 03:06:58,247 INFO p.BasePage [main] Open browserstack
2023-04-27 03:06:58,287 INFO p.BasePage [main] Confirm the agreement
2023-04-27 03:06:59,190 INFO p.BasePage [main] Type Username
2023-04-27 03:06:59,190 INFO p.BasePage [main] Type Password
2023-04-27 03:10:27,225 INFO p.BasePage [main] Open browserstack
2023-04-27 03:10:27,302 INFO p.BasePage [main] Confirm the agreement
2023-04-27 03:10:30,006 INFO p.BasePage [main] Accept Cookies
2023-04-27 03:10:30,780 INFO p.BasePage [main] Open browserstack
2023-04-27 03:10:30,848 INFO p.BasePage [main] Confirm the agreement
2023-04-27 03:11:24,849 INFO p.BasePage [main] Open browserstack
2023-04-27 03:11:24,927 INFO p.BasePage [main] Confirm the agreement
2023-04-27 03:11:26,729 INFO p.BasePage [main] Accept Cookies
2023-04-27 03:11:27,044 INFO p.BasePage [main] Open browserstack
2023-04-27 03:11:27,078 INFO p.BasePage [main] Confirm the agreement
2023-04-27 03:11:28,594 INFO p.BasePage [main] Type Username
2023-04-27 03:11:28,594 INFO p.BasePage [main] Type Password
2023-04-27 03:11:31,470 INFO p.BasePage [main] Open browserstack
2023-04-27 03:11:31,507 INFO p.BasePage [main] Confirm the agreement
2023-04-27 03:11:32,309 INFO p.BasePage [main] Type Username
2023-04-27 03:11:32,309 INFO p.BasePage [main] Type Password
2023-04-27 03:11:34,328 INFO p.BasePage [main] Open browserstack
2023-04-27 03:11:34,362 INFO p.BasePage [main] Confirm the agreement
2023-04-27 03:11:35,147 INFO p.BasePage [main] Type Username
2023-04-27 03:11:35,147 INFO p.BasePage [main] Type Password
2023-04-27 03:11:37,310 INFO p.BasePage [main] Open browserstack
2023-04-27 03:11:37,347 INFO p.BasePage [main] Confirm the agreement
2023-04-27 03:11:38,121 INFO p.BasePage [main] Type Username
2023-04-27 03:11:38,121 INFO p.BasePage [main] Type Password
2023-04-27 03:11:40,038 INFO p.BasePage [main] Open browserstack
2023-04-27 03:11:40,071 INFO p.BasePage [main] Confirm the agreement
2023-04-27 03:11:40,881 INFO p.BasePage [main] Type Username
2023-04-27 03:11:40,881 INFO p.BasePage [main] Type Password
2023-04-27 03:13:59,388 INFO p.BasePage [main] Open browserstack
2023-04-27 03:13:59,464 INFO p.BasePage [main] Confirm the agreement
2023-04-27 03:14:02,045 INFO p.BasePage [main] Accept Cookies
2023-04-27 03:14:02,427 INFO p.BasePage [main] Type Username
2023-04-27 03:14:02,427 INFO p.BasePage [main] Type Password
2023-04-27 03:14:05,497 INFO p.BasePage [main] Open browserstack
2023-04-27 03:14:05,566 INFO p.BasePage [main] Confirm the agreement
2023-04-27 03:14:25,284 INFO p.BasePage [main] Open browserstack
2023-04-27 03:14:25,361 INFO p.BasePage [main] Confirm the agreement
2023-04-27 03:14:27,060 INFO p.BasePage [main] Accept Cookies
2023-04-27 03:14:27,499 INFO p.BasePage [main] Type Username
2023-04-27 03:14:27,499 INFO p.BasePage [main] Type Password
2023-04-27 03:17:31,838 INFO p.BasePage [main] Open browserstack
2023-04-27 03:17:31,916 INFO p.BasePage [main] Confirm the agreement
2023-04-27 03:17:34,596 INFO p.BasePage [main] Accept Cookies
2023-04-27 03:17:35,025 INFO p.BasePage [main] Type Username
2023-04-27 03:17:35,025 INFO p.BasePage [main] Type Password
2023-04-27 03:22:17,933 INFO p.BasePage [main] Open browserstack
2023-04-27 03:22:18,012 INFO p.BasePage [main] Confirm the agreement
2023-04-27 03:22:20,115 INFO p.BasePage [main] Accept Cookies
2023-04-27 03:22:20,497 INFO p.BasePage [main] Type Username
2023-04-27 03:22:20,497 INFO p.BasePage [main] Type Password
2023-04-27 03:22:25,482 INFO p.BasePage [main] Open browserstack
2023-04-27 03:22:25,549 INFO p.BasePage [main] Confirm the agreement
2023-04-27 03:26:36,968 INFO p.BasePage [main] Open browserstack
2023-04-27 03:26:37,045 INFO p.BasePage [main] Confirm the agreement
2023-04-27 03:26:38,781 INFO p.BasePage [main] Accept Cookies
2023-04-27 03:26:39,208 INFO p.BasePage [main] Type Username
2023-04-27 03:26:39,209 INFO p.BasePage [main] Type Password
2023-04-27 03:26:41,745 INFO p.BasePage [main] Open browserstack
2023-04-27 03:26:41,834 INFO p.BasePage [main] Confirm the agreement
2023-04-27 03:28:08,227 INFO p.BasePage [main] Open browserstack
2023-04-27 03:28:08,309 INFO p.BasePage [main] Confirm the agreement
2023-04-27 03:28:11,013 INFO p.BasePage [main] Accept Cookies
2023-04-27 03:28:11,449 INFO p.BasePage [main] Type Username
2023-04-27 03:28:11,449 INFO p.BasePage [main] Type Password
2023-04-27 03:29:38,777 INFO p.BasePage [main] Open browserstack
2023-04-27 03:29:38,856 INFO p.BasePage [main] Confirm the agreement
2023-04-27 03:29:40,547 INFO p.BasePage [main] Accept Cookies
2023-04-27 03:29:40,927 INFO p.BasePage [main] Type Username
2023-04-27 03:29:40,928 INFO p.BasePage [main] Type Password
2023-04-27 03:29:44,490 INFO p.BasePage [main] Open browserstack
2023-04-27 03:29:44,584 INFO p.BasePage [main] Confirm the agreement
2023-04-27 03:29:45,419 INFO p.BasePage [main] Type Username
2023-04-27 03:29:45,419 INFO p.BasePage [main] Type Password
2023-04-27 03:29:47,201 INFO p.BasePage [main] Open browserstack
2023-04-27 03:29:47,236 INFO p.BasePage [main] Confirm the agreement
2023-04-27 03:29:47,997 INFO p.BasePage [main] Type Username
2023-04-27 03:29:47,997 INFO p.BasePage [main] Type Password
2023-04-27 03:29:50,269 INFO p.BasePage [main] Open browserstack
2023-04-27 03:29:50,304 INFO p.BasePage [main] Confirm the agreement
2023-04-27 03:29:51,065 INFO p.BasePage [main] Type Username
2023-04-27 03:29:51,065 INFO p.BasePage [main] Type Password
2023-04-27 03:29:53,037 INFO p.BasePage [main] Open browserstack
2023-04-27 03:29:53,070 INFO p.BasePage [main] Confirm the agreement
2023-04-27 03:29:54,071 INFO p.BasePage [main] Type Username
2023-04-27 03:29:54,071 INFO p.BasePage [main] Type Password
2023-04-27 03:31:28,472 INFO p.BasePage [main] Open browserstack
2023-04-27 03:31:28,549 INFO p.BasePage [main] Confirm the agreement
2023-04-27 03:31:30,431 INFO p.BasePage [main] Accept Cookies
2023-04-27 03:31:30,875 INFO p.BasePage [main] Type Username
2023-04-27 03:31:30,875 INFO p.BasePage [main] Type Password
2023-04-27 03:31:34,773 INFO p.BasePage [main] Open browserstack
2023-04-27 03:31:34,837 INFO p.BasePage [main] Confirm the agreement
2023-04-27 03:32:38,735 INFO p.BasePage [main] Open browserstack
2023-04-27 03:32:38,812 INFO p.BasePage [main] Confirm the agreement
2023-04-27 03:32:41,452 INFO p.BasePage [main] Accept Cookies
2023-04-27 03:32:41,887 INFO p.BasePage [main] Type Username
2023-04-27 03:32:41,887 INFO p.BasePage [main] Type Password
2023-04-27 03:32:46,448 INFO p.BasePage [main] Open browserstack
2023-04-27 03:32:46,501 INFO p.BasePage [main] Confirm the agreement
2023-04-27 03:32:47,343 INFO p.BasePage [main] Type Username
2023-04-27 03:32:47,343 INFO p.BasePage [main] Type Password
2023-04-27 03:35:00,508 INFO p.BasePage [main] Open browserstack
2023-04-27 03:35:00,584 INFO p.BasePage [main] Confirm the agreement
2023-04-27 03:35:02,454 INFO p.BasePage [main] Accept Cookies
2023-04-27 03:35:02,884 INFO p.BasePage [main] Type Username
2023-04-27 03:35:02,884 INFO p.BasePage [main] Type Password
2023-04-27 03:35:07,447 INFO p.BasePage [main] Open browserstack
2023-04-27 03:35:07,500 INFO p.BasePage [main] Confirm the agreement
2023-04-27 03:35:08,371 INFO p.BasePage [main] Type Username
2023-04-27 03:35:08,371 INFO p.BasePage [main] Type Password
2023-04-27 03:40:52,327 INFO p.BasePage [main] Open browserstack
2023-04-27 03:40:52,406 INFO p.BasePage [main] Confirm the agreement
2023-04-27 03:40:55,034 INFO p.BasePage [main] Accept Cookies
2023-04-27 03:40:55,466 INFO p.BasePage [main] Type Username
2023-04-27 03:40:55,466 INFO p.BasePage [main] Type Password
2023-04-27 03:40:58,250 INFO p.BasePage [main] Open browserstack
2023-04-27 03:40:58,303 INFO p.BasePage [main] Confirm the agreement
2023-04-27 03:40:59,089 INFO p.BasePage [main] Type Username
2023-04-27 03:40:59,089 INFO p.BasePage [main] Type Password
2023-04-27 03:41:01,015 INFO p.BasePage [main] Logout
2023-04-27 03:43:36,235 INFO p.BasePage [main] Open browserstack
2023-04-27 03:43:36,312 INFO p.BasePage [main] Confirm the agreement
2023-04-27 03:43:38,862 INFO p.BasePage [main] Accept Cookies
2023-04-27 03:43:39,303 INFO p.BasePage [main] Type Username
2023-04-27 03:43:39,304 INFO p.BasePage [main] Type Password
2023-04-27 03:43:41,455 INFO p.BasePage [main] Open browserstack
2023-04-27 03:43:41,509 INFO p.BasePage [main] Confirm the agreement
2023-04-27 03:43:42,403 INFO p.BasePage [main] Type Username
2023-04-27 03:43:42,403 INFO p.BasePage [main] Type Password
2023-04-27 03:43:44,727 INFO p.BasePage [main] Logout
2023-04-27 03:43:44,912 INFO p.BasePage [main] Open browserstack
2023-04-27 03:43:44,977 INFO p.BasePage [main] Confirm the agreement
2023-04-27 03:44:49,130 INFO p.BasePage [main] Open browserstack
2023-04-27 03:44:49,206 INFO p.BasePage [main] Confirm the agreement
2023-04-27 03:44:51,120 INFO p.BasePage [main] Accept Cookies
2023-04-27 03:44:51,556 INFO p.BasePage [main] Type Username
2023-04-27 03:44:51,556 INFO p.BasePage [main] Type Password
2023-04-27 03:44:53,620 INFO p.BasePage [main] Open browserstack
2023-04-27 03:44:53,675 INFO p.BasePage [main] Confirm the agreement
2023-04-27 03:44:55,016 INFO p.BasePage [main] Type Username
2023-04-27 03:44:55,016 INFO p.BasePage [main] Type Password
2023-04-27 03:44:56,657 INFO p.BasePage [main] Logout
2023-04-27 03:48:00,101 INFO p.BasePage [main] Open browserstack
2023-04-27 03:48:00,182 INFO p.BasePage [main] Confirm the agreement
2023-04-27 03:48:02,087 INFO p.BasePage [main] Accept Cookies
2023-04-27 03:48:02,530 INFO p.BasePage [main] Type Username
2023-04-27 03:48:02,530 INFO p.BasePage [main] Type Password
2023-04-27 03:48:04,894 INFO p.BasePage [main] Open browserstack
2023-04-27 03:48:04,947 INFO p.BasePage [main] Confirm the agreement
2023-04-27 03:48:05,799 INFO p.BasePage [main] Type Username
2023-04-27 03:48:05,799 INFO p.BasePage [main] Type Password
2023-04-27 03:48:07,664 INFO p.BasePage [main] Logout
2023-04-27 03:48:07,842 INFO p.BasePage [main] Open browserstack
2023-04-27 03:48:07,880 INFO p.BasePage [main] Confirm the agreement
2023-04-27 03:48:07,906 INFO p.BasePage [main] Clicked button Save
2023-04-27 03:50:21,300 INFO p.BasePage [main] Open browserstack
2023-04-27 03:50:21,380 INFO p.BasePage [main] Confirm the agreement
2023-04-27 03:50:24,128 INFO p.BasePage [main] Accept Cookies
2023-04-27 03:50:24,578 INFO p.BasePage [main] Type Username
2023-04-27 03:50:24,578 INFO p.BasePage [main] Type Password
2023-04-27 03:50:27,792 INFO p.BasePage [main] Open browserstack
2023-04-27 03:50:27,846 INFO p.BasePage [main] Confirm the agreement
2023-04-27 03:50:28,672 INFO p.BasePage [main] Type Username
2023-04-27 03:50:28,673 INFO p.BasePage [main] Type Password
2023-04-27 03:50:30,571 INFO p.BasePage [main] Logout
2023-04-27 03:50:30,743 INFO p.BasePage [main] Open browserstack
2023-04-27 03:50:30,791 INFO p.BasePage [main] Confirm the agreement
2023-04-27 03:50:30,818 INFO p.BasePage [main] Clicked button Save
2023-04-27 03:52:46,531 INFO p.BasePage [main] Open browserstack
2023-04-27 03:52:46,609 INFO p.BasePage [main] Confirm the agreement
2023-04-27 03:52:48,879 INFO p.BasePage [main] Accept Cookies
2023-04-27 03:52:49,313 INFO p.BasePage [main] Type Username
2023-04-27 03:52:49,313 INFO p.BasePage [main] Type Password
2023-04-27 03:52:53,422 INFO p.BasePage [main] Open browserstack
2023-04-27 03:52:53,477 INFO p.BasePage [main] Confirm the agreement
2023-04-27 03:52:54,316 INFO p.BasePage [main] Type Username
2023-04-27 03:52:54,316 INFO p.BasePage [main] Type Password
2023-04-27 03:52:56,137 INFO p.BasePage [main] Logout
2023-04-27 03:52:56,805 INFO p.BasePage [main] Open browserstack
2023-04-27 03:52:56,848 INFO p.BasePage [main] Confirm the agreement
2023-04-27 03:52:56,875 INFO p.BasePage [main] Clicked button Save
2023-04-27 03:57:16,541 INFO p.BasePage [main] Open browserstack
2023-04-27 03:57:16,615 INFO p.BasePage [main] Confirm the agreement
2023-04-27 03:57:18,868 INFO p.BasePage [main] Accept Cookies
2023-04-27 03:57:19,298 INFO p.BasePage [main] Type Username
2023-04-27 03:57:19,298 INFO p.BasePage [main] Type Password
2023-04-27 03:57:23,856 INFO p.BasePage [main] Open browserstack
2023-04-27 03:57:23,890 INFO p.BasePage [main] Confirm the agreement
2023-04-27 03:57:26,308 INFO p.BasePage [main] Type Username
2023-04-27 03:57:26,308 INFO p.BasePage [main] Type Password
2023-04-27 03:57:30,909 INFO p.BasePage [main] Open browserstack
2023-04-27 03:57:30,945 INFO p.BasePage [main] Confirm the agreement
2023-04-27 03:57:32,901 INFO p.BasePage [main] Type Username
2023-04-27 03:57:32,901 INFO p.BasePage [main] Type Password
2023-04-27 03:57:36,591 INFO p.BasePage [main] Open browserstack
2023-04-27 03:57:36,624 INFO p.BasePage [main] Confirm the agreement
2023-04-27 03:57:37,393 INFO p.BasePage [main] Type Username
2023-04-27 03:57:37,393 INFO p.BasePage [main] Type Password
2023-04-27 03:57:39,566 INFO p.BasePage [main] Open browserstack
2023-04-27 03:57:39,599 INFO p.BasePage [main] Confirm the agreement
2023-04-27 03:57:40,417 INFO p.BasePage [main] Type Username
2023-04-27 03:57:40,417 INFO p.BasePage [main] Type Password
2023-04-27 03:57:44,066 INFO p.BasePage [main] Open browserstack
2023-04-27 03:57:44,101 INFO p.BasePage [main] Confirm the agreement
2023-04-27 03:57:44,884 INFO p.BasePage [main] Type Username
2023-04-27 03:57:44,884 INFO p.BasePage [main] Type Password
2023-04-27 03:57:47,195 INFO p.BasePage [main] Open browserstack
2023-04-27 03:57:47,260 INFO p.BasePage [main] Confirm the agreement
2023-04-27 03:58:52,065 INFO p.BasePage [main] Open browserstack
2023-04-27 03:58:52,142 INFO p.BasePage [main] Confirm the agreement
2023-04-27 03:58:55,659 INFO p.BasePage [main] Accept Cookies
2023-04-27 03:58:56,095 INFO p.BasePage [main] Type Username
2023-04-27 03:58:56,095 INFO p.BasePage [main] Type Password
2023-04-27 03:58:58,390 INFO p.BasePage [main] Open browserstack
2023-04-27 03:58:58,424 INFO p.BasePage [main] Confirm the agreement
2023-04-27 03:58:59,292 INFO p.BasePage [main] Type Username
2023-04-27 03:58:59,292 INFO p.BasePage [main] Type Password
2023-04-27 03:59:01,398 INFO p.BasePage [main] Open browserstack
2023-04-27 03:59:01,432 INFO p.BasePage [main] Confirm the agreement
2023-04-27 03:59:02,292 INFO p.BasePage [main] Type Username
2023-04-27 03:59:02,292 INFO p.BasePage [main] Type Password
2023-04-27 03:59:04,013 INFO p.BasePage [main] Open browserstack
2023-04-27 03:59:04,110 INFO p.BasePage [main] Confirm the agreement
2023-04-27 03:59:26,013 INFO p.BasePage [main] Open browserstack
2023-04-27 03:59:26,092 INFO p.BasePage [main] Confirm the agreement
2023-04-27 03:59:27,849 INFO p.BasePage [main] Accept Cookies
2023-04-27 03:59:28,239 INFO p.BasePage [main] Type Username
2023-04-27 03:59:28,240 INFO p.BasePage [main] Type Password
2023-04-27 03:59:31,307 INFO p.BasePage [main] Open browserstack
2023-04-27 03:59:31,342 INFO p.BasePage [main] Confirm the agreement
2023-04-27 03:59:32,205 INFO p.BasePage [main] Type Username
2023-04-27 03:59:32,205 INFO p.BasePage [main] Type Password
2023-04-27 03:59:33,966 INFO p.BasePage [main] Open browserstack
2023-04-27 03:59:34,001 INFO p.BasePage [main] Confirm the agreement
2023-04-27 03:59:34,809 INFO p.BasePage [main] Type Username
2023-04-27 03:59:34,810 INFO p.BasePage [main] Type Password
2023-04-27 03:59:36,766 INFO p.BasePage [main] Open browserstack
2023-04-27 03:59:36,859 INFO p.BasePage [main] Confirm the agreement
2023-04-27 03:59:37,730 INFO p.BasePage [main] Type Username
2023-04-27 03:59:37,730 INFO p.BasePage [main] Type Password
2023-04-27 04:00:26,094 INFO p.BasePage [main] Open browserstack
2023-04-27 04:00:26,173 INFO p.BasePage [main] Confirm the agreement
2023-04-27 04:00:29,321 INFO p.BasePage [main] Accept Cookies
2023-04-27 04:00:29,748 INFO p.BasePage [main] Type Username
2023-04-27 04:00:29,749 INFO p.BasePage [main] Type Password
2023-04-27 04:00:32,315 INFO p.BasePage [main] Logout
2023-04-27 04:00:32,508 INFO p.BasePage [main] Open browserstack
2023-04-27 04:00:32,544 INFO p.BasePage [main] Confirm the agreement
2023-04-27 04:00:33,393 INFO p.BasePage [main] Type Username
2023-04-27 04:00:33,393 INFO p.BasePage [main] Type Password
2023-04-27 04:00:35,245 INFO p.BasePage [main] Logout
2023-04-27 04:00:35,449 INFO p.BasePage [main] Open browserstack
2023-04-27 04:00:35,483 INFO p.BasePage [main] Confirm the agreement
2023-04-27 04:00:36,380 INFO p.BasePage [main] Type Username
2023-04-27 04:00:36,380 INFO p.BasePage [main] Type Password
2023-04-27 04:00:37,963 INFO p.BasePage [main] Logout
2023-04-27 04:00:38,135 INFO p.BasePage [main] Open browserstack
2023-04-27 04:00:38,232 INFO p.BasePage [main] Confirm the agreement
2023-04-27 04:00:39,171 INFO p.BasePage [main] Type Username
2023-04-27 04:00:39,171 INFO p.BasePage [main] Type Password
2023-04-27 04:00:40,574 INFO p.BasePage [main] Logout
2023-05-05 18:36:19,850 INFO p.BasePage [main] Open browserstack
2023-05-05 18:36:20,167 INFO p.BasePage [main] Open browserstack
2023-05-05 18:44:47,268 INFO p.BasePage [main] Open browserstack
2023-05-05 18:44:47,346 INFO p.BasePage [main] Confirm the agreement
2023-05-05 18:44:49,495 INFO p.BasePage [main] Accept Cookies
2023-05-05 18:44:49,926 INFO p.BasePage [main] Type Username
2023-05-05 18:44:49,927 INFO p.BasePage [main] Type Password
2023-05-05 18:44:57,846 INFO p.BasePage [main] Logout
2023-05-05 18:44:58,032 INFO p.BasePage [main] Open browserstack
2023-05-05 18:44:58,070 INFO p.BasePage [main] Confirm the agreement
2023-05-05 18:44:59,077 INFO p.BasePage [main] Type Username
2023-05-05 18:44:59,078 INFO p.BasePage [main] Type Password
2023-05-05 18:45:01,159 INFO p.BasePage [main] Logout
2023-05-05 18:45:01,329 INFO p.BasePage [main] Open browserstack
2023-05-05 18:45:01,367 INFO p.BasePage [main] Confirm the agreement
2023-05-05 18:45:02,228 INFO p.BasePage [main] Type Username
2023-05-05 18:45:02,228 INFO p.BasePage [main] Type Password
2023-05-05 18:45:06,816 INFO p.BasePage [main] Logout
2023-05-05 18:45:07,002 INFO p.BasePage [main] Open browserstack
2023-05-05 18:45:07,093 INFO p.BasePage [main] Confirm the agreement
2023-05-05 18:45:07,994 INFO p.BasePage [main] Type Username
2023-05-05 18:45:07,994 INFO p.BasePage [main] Type Password
2023-05-05 18:45:10,358 INFO p.BasePage [main] Logout
2023-05-08 15:06:55,394 INFO p.BasePage [main] Open browserstack
2023-05-08 15:06:55,477 INFO p.BasePage [main] Confirm the agreement
2023-05-08 15:06:57,580 INFO p.BasePage [main] Accept Cookies
2023-05-08 15:06:59,474 INFO p.BasePage [main] Open browserstack
2023-05-08 15:06:59,569 INFO p.BasePage [main] Confirm the agreement
2023-05-08 15:07:00,497 INFO p.BasePage [main] Type Username
2023-05-08 15:07:00,497 INFO p.BasePage [main] Type Password
2023-05-08 15:07:04,632 INFO p.BasePage [main] Logout
2023-05-08 15:16:11,905 INFO p.BasePage [main] Open browserstack
2023-05-08 15:16:11,983 INFO p.BasePage [main] Confirm the agreement
2023-05-08 15:16:13,847 INFO p.BasePage [main] Accept Cookies
2023-05-08 15:16:14,283 INFO p.BasePage [main] Type Username
2023-05-08 15:16:14,284 INFO p.BasePage [main] Type Password
2023-05-08 15:16:18,615 INFO p.BasePage [main] Logout
2023-05-08 15:16:18,786 INFO p.BasePage [main] Open browserstack
2023-05-08 15:16:18,821 INFO p.BasePage [main] Confirm the agreement
2023-05-08 15:16:19,644 INFO p.BasePage [main] Type Username
2023-05-08 15:16:19,644 INFO p.BasePage [main] Type Password
2023-05-08 15:16:21,425 INFO p.BasePage [main] Logout
2023-05-08 15:16:21,603 INFO p.BasePage [main] Open browserstack
2023-05-08 15:16:21,640 INFO p.BasePage [main] Confirm the agreement
2023-05-08 15:16:22,439 INFO p.BasePage [main] Type Username
2023-05-08 15:16:22,439 INFO p.BasePage [main] Type Password
2023-05-08 15:16:24,339 INFO p.BasePage [main] Logout
2023-05-08 15:16:24,519 INFO p.BasePage [main] Open browserstack
2023-05-08 15:16:24,617 INFO p.BasePage [main] Confirm the agreement
2023-05-08 15:16:25,395 INFO p.BasePage [main] Type Username
2023-05-08 15:16:25,395 INFO p.BasePage [main] Type Password
2023-05-08 15:16:26,986 INFO p.BasePage [main] Logout
2023-05-08 15:21:20,406 INFO p.BasePage [main] Open browserstack
2023-05-08 15:21:20,485 INFO p.BasePage [main] Confirm the agreement
2023-05-08 15:21:22,320 INFO p.BasePage [main] Accept Cookies
2023-05-08 15:21:22,754 INFO p.BasePage [main] Type Username
2023-05-08 15:21:22,754 INFO p.BasePage [main] Type Password
2023-05-08 15:21:26,173 INFO p.BasePage [main] Logout
2023-05-08 15:21:26,352 INFO p.BasePage [main] Open browserstack
2023-05-08 15:21:26,386 INFO p.BasePage [main] Confirm the agreement
2023-05-08 15:21:27,277 INFO p.BasePage [main] Type Username
2023-05-08 15:21:27,277 INFO p.BasePage [main] Type Password
2023-05-08 15:21:29,210 INFO p.BasePage [main] Logout
2023-05-08 15:21:29,386 INFO p.BasePage [main] Open browserstack
2023-05-08 15:21:29,420 INFO p.BasePage [main] Confirm the agreement
2023-05-08 15:21:30,287 INFO p.BasePage [main] Type Username
2023-05-08 15:21:30,287 INFO p.BasePage [main] Type Password
2023-05-08 15:21:31,964 INFO p.BasePage [main] Logout
2023-05-08 15:21:32,176 INFO p.BasePage [main] Open browserstack
2023-05-08 15:21:32,266 INFO p.BasePage [main] Confirm the agreement
2023-05-08 15:21:33,116 INFO p.BasePage [main] Type Username
2023-05-08 15:21:33,116 INFO p.BasePage [main] Type Password
2023-05-08 15:21:34,394 INFO p.BasePage [main] Logout
2023-05-08 15:23:33,673 INFO p.BasePage [main] Open browserstack
2023-05-08 15:23:33,751 INFO p.BasePage [main] Confirm the agreement
2023-05-08 15:23:36,268 INFO p.BasePage [main] Accept Cookies
2023-05-08 15:23:36,650 INFO p.BasePage [main] Type Username
2023-05-08 15:23:36,650 INFO p.BasePage [main] Type Password
2023-05-08 15:23:40,452 INFO p.BasePage [main] Logout
2023-05-08 15:23:40,645 INFO p.BasePage [main] Open browserstack
2023-05-08 15:23:40,681 INFO p.BasePage [main] Confirm the agreement
2023-05-08 15:23:41,502 INFO p.BasePage [main] Type Username
2023-05-08 15:23:41,502 INFO p.BasePage [main] Type Password
2023-05-08 15:23:43,271 INFO p.BasePage [main] Logout
2023-05-08 15:23:43,469 INFO p.BasePage [main] Open browserstack
2023-05-08 15:23:43,504 INFO p.BasePage [main] Confirm the agreement
2023-05-08 15:23:44,344 INFO p.BasePage [main] Type Username
2023-05-08 15:23:44,344 INFO p.BasePage [main] Type Password
2023-05-08 15:23:46,547 INFO p.BasePage [main] Logout
2023-05-08 15:23:46,735 INFO p.BasePage [main] Open browserstack
2023-05-08 15:23:46,826 INFO p.BasePage [main] Confirm the agreement
2023-05-08 15:23:47,610 INFO p.BasePage [main] Type Username
2023-05-08 15:23:47,610 INFO p.BasePage [main] Type Password
2023-05-08 15:23:49,210 INFO p.BasePage [main] Logout
2023-05-08 15:28:38,184 INFO p.BasePage [main] Open browserstack
2023-05-08 15:28:38,262 INFO p.BasePage [main] Confirm the agreement
2023-05-08 15:28:40,072 INFO p.BasePage [main] Accept Cookies
2023-05-08 15:28:40,500 INFO p.BasePage [main] Type Username
2023-05-08 15:28:40,500 INFO p.BasePage [main] Type Password
2023-05-08 15:28:44,743 INFO p.BasePage [main] Logout
2023-05-08 15:28:44,986 INFO p.BasePage [main] Open browserstack
2023-05-08 15:28:45,021 INFO p.BasePage [main] Confirm the agreement
2023-05-08 15:28:45,885 INFO p.BasePage [main] Type Username
2023-05-08 15:28:45,885 INFO p.BasePage [main] Type Password
2023-05-08 15:28:48,404 INFO p.BasePage [main] Logout
2023-05-08 15:28:48,605 INFO p.BasePage [main] Open browserstack
2023-05-08 15:28:48,645 INFO p.BasePage [main] Confirm the agreement
2023-05-08 15:28:49,424 INFO p.BasePage [main] Type Username
2023-05-08 15:28:49,424 INFO p.BasePage [main] Type Password
2023-05-08 15:28:51,368 INFO p.BasePage [main] Logout
2023-05-08 15:28:51,561 INFO p.BasePage [main] Open browserstack
2023-05-08 15:28:51,661 INFO p.BasePage [main] Confirm the agreement
2023-05-08 15:28:52,452 INFO p.BasePage [main] Type Username
2023-05-08 15:28:52,452 INFO p.BasePage [main] Type Password
2023-05-08 15:28:54,036 INFO p.BasePage [main] Logout
2023-05-08 15:40:32,027 INFO p.BasePage [main] Open browserstack
2023-05-08 15:40:32,108 INFO p.BasePage [main] Confirm the agreement
2023-05-08 15:40:34,895 INFO p.BasePage [main] Accept Cookies
2023-05-08 15:40:35,330 INFO p.BasePage [main] Type Username
2023-05-08 15:40:35,331 INFO p.BasePage [main] Type Password
2023-05-08 15:40:39,589 INFO p.BasePage [main] Logout
2023-05-08 15:40:39,780 INFO p.BasePage [main] Open browserstack
2023-05-08 15:40:39,815 INFO p.BasePage [main] Confirm the agreement
2023-05-08 15:40:40,936 INFO p.BasePage [main] Type Username
2023-05-08 15:40:40,936 INFO p.BasePage [main] Type Password
2023-05-08 15:40:42,568 INFO p.BasePage [main] Logout
2023-05-08 15:40:42,790 INFO p.BasePage [main] Open browserstack
2023-05-08 15:40:42,825 INFO p.BasePage [main] Confirm the agreement
2023-05-08 15:40:43,621 INFO p.BasePage [main] Type Username
2023-05-08 15:40:43,622 INFO p.BasePage [main] Type Password
2023-05-08 15:40:45,273 INFO p.BasePage [main] Logout
2023-05-08 15:40:45,473 INFO p.BasePage [main] Open browserstack
2023-05-08 15:40:45,565 INFO p.BasePage [main] Confirm the agreement
2023-05-08 15:40:46,372 INFO p.BasePage [main] Type Username
2023-05-08 15:40:46,372 INFO p.BasePage [main] Type Password
2023-05-08 15:40:47,737 INFO p.BasePage [main] Logout
2023-05-28 22:17:46,525 INFO p.BasePage [main] Open browserstack
2023-05-28 22:17:46,623 INFO p.BasePage [main] Confirm the agreement
2023-05-28 22:17:52,845 INFO p.BasePage [main] Accept Cookies
2023-05-28 22:17:53,293 INFO p.BasePage [main] Type Username
2023-05-28 22:17:53,293 INFO p.BasePage [main] Type Password
2023-05-28 22:18:01,671 INFO p.BasePage [main] Logout
2023-05-28 22:18:01,860 INFO p.BasePage [main] Open browserstack
2023-05-28 22:18:01,907 INFO p.BasePage [main] Confirm the agreement
2023-05-28 22:18:02,854 INFO p.BasePage [main] Type Username
2023-05-28 22:18:02,854 INFO p.BasePage [main] Type Password
2023-05-28 22:18:04,725 INFO p.BasePage [main] Logout
2023-05-28 22:18:04,924 INFO p.BasePage [main] Open browserstack
2023-05-28 22:18:04,974 INFO p.BasePage [main] Confirm the agreement
2023-05-28 22:18:05,885 INFO p.BasePage [main] Type Username
2023-05-28 22:18:05,885 INFO p.BasePage [main] Type Password
2023-05-28 22:18:07,935 INFO p.BasePage [main] Logout
2023-05-28 22:18:08,181 INFO p.BasePage [main] Open browserstack
2023-05-28 22:18:08,301 INFO p.BasePage [main] Confirm the agreement
2023-05-28 22:18:09,229 INFO p.BasePage [main] Type Username
2023-05-28 22:18:09,229 INFO p.BasePage [main] Type Password
2023-05-28 22:18:10,736 INFO p.BasePage [main] Logout
2023-05-28 22:19:48,706 INFO p.BasePage [main] Open browserstack
2023-05-28 22:19:48,813 INFO p.BasePage [main] Confirm the agreement
2023-05-28 22:19:50,851 INFO p.BasePage [main] Accept Cookies
2023-05-28 22:19:51,298 INFO p.BasePage [main] Type Username
2023-05-28 22:19:51,298 INFO p.BasePage [main] Type Password
2023-05-28 22:19:54,102 INFO p.BasePage [main] Logout
2023-05-28 22:19:54,282 INFO p.BasePage [main] Open browserstack
2023-05-28 22:19:54,329 INFO p.BasePage [main] Confirm the agreement
2023-05-28 22:19:55,383 INFO p.BasePage [main] Type Username
2023-05-28 22:19:55,383 INFO p.BasePage [main] Type Password
2023-05-28 22:19:57,487 INFO p.BasePage [main] Logout
2023-05-28 22:19:57,681 INFO p.BasePage [main] Open browserstack
2023-05-28 22:19:57,727 INFO p.BasePage [main] Confirm the agreement
2023-05-28 22:19:58,626 INFO p.BasePage [main] Type Username
2023-05-28 22:19:58,626 INFO p.BasePage [main] Type Password
2023-05-28 22:20:00,584 INFO p.BasePage [main] Logout
2023-05-28 22:20:00,776 INFO p.BasePage [main] Open browserstack
2023-05-28 22:20:00,906 INFO p.BasePage [main] Confirm the agreement
2023-05-28 22:20:01,760 INFO p.BasePage [main] Type Username
2023-05-28 22:20:01,760 INFO p.BasePage [main] Type Password
2023-05-28 22:20:03,181 INFO p.BasePage [main] Logout
2023-06-02 02:21:41,147 INFO p.BasePage [main] Open browserstack
2023-06-02 02:21:41,331 INFO p.BasePage [main] Confirm the agreement
2023-06-02 02:21:44,177 INFO p.BasePage [main] Accept Cookies
2023-06-02 02:21:44,692 INFO p.BasePage [main] Type Username
2023-06-02 02:21:44,692 INFO p.BasePage [main] Type Password
2023-06-02 02:21:50,272 INFO p.BasePage [main] Logout
2023-06-02 02:21:50,442 INFO p.BasePage [main] Open browserstack
2023-06-02 02:21:50,505 INFO p.BasePage [main] Confirm the agreement
2023-06-02 02:21:51,452 INFO p.BasePage [main] Type Username
2023-06-02 02:21:51,452 INFO p.BasePage [main] Type Password
2023-06-02 02:21:53,971 INFO p.BasePage [main] Logout
2023-06-02 02:21:54,139 INFO p.BasePage [main] Open browserstack
2023-06-02 02:21:54,211 INFO p.BasePage [main] Confirm the agreement
2023-06-02 02:21:55,191 INFO p.BasePage [main] Type Username
2023-06-02 02:21:55,191 INFO p.BasePage [main] Type Password
2023-06-02 02:21:57,226 INFO p.BasePage [main] Logout
2023-06-02 02:21:57,451 INFO p.BasePage [main] Open browserstack
2023-06-02 02:21:57,630 INFO p.BasePage [main] Confirm the agreement
2023-06-02 02:21:58,661 INFO p.BasePage [main] Type Username
2023-06-02 02:21:58,662 INFO p.BasePage [main] Type Password
2023-06-02 02:22:00,084 INFO p.BasePage [main] Logout
2023-06-02 02:23:48,928 INFO p.BasePage [main] Open browserstack
2023-06-02 02:23:49,076 INFO p.BasePage [main] Confirm the agreement
2023-06-02 02:23:51,073 INFO p.BasePage [main] Accept Cookies
2023-06-02 02:23:51,564 INFO p.BasePage [main] Type Username
2023-06-02 02:23:51,564 INFO p.BasePage [main] Type Password
2023-06-02 02:23:55,904 INFO p.BasePage [main] Logout
2023-06-02 02:23:56,078 INFO p.BasePage [main] Open browserstack
2023-06-02 02:23:56,142 INFO p.BasePage [main] Confirm the agreement
2023-06-02 02:23:57,149 INFO p.BasePage [main] Type Username
2023-06-02 02:23:57,149 INFO p.BasePage [main] Type Password
2023-06-02 02:23:59,238 INFO p.BasePage [main] Logout
2023-06-02 02:23:59,414 INFO p.BasePage [main] Open browserstack
2023-06-02 02:23:59,479 INFO p.BasePage [main] Confirm the agreement
2023-06-02 02:24:00,481 INFO p.BasePage [main] Type Username
2023-06-02 02:24:00,482 INFO p.BasePage [main] Type Password
2023-06-02 02:24:02,226 INFO p.BasePage [main] Logout
2023-06-02 02:24:02,402 INFO p.BasePage [main] Open browserstack
2023-06-02 02:24:02,578 INFO p.BasePage [main] Confirm the agreement
2023-06-02 02:24:04,213 INFO p.BasePage [main] Type Username
2023-06-02 02:24:04,214 INFO p.BasePage [main] Type Password
2023-06-02 02:24:05,678 INFO p.BasePage [main] Logout
2023-06-02 02:24:29,716 INFO p.BasePage [main] Open browserstack
2023-06-02 02:24:29,867 INFO p.BasePage [main] Confirm the agreement
2023-06-02 02:24:32,098 INFO p.BasePage [main] Accept Cookies
2023-06-02 02:24:32,632 INFO p.BasePage [main] Type Username
2023-06-02 02:24:32,632 INFO p.BasePage [main] Type Password
2023-06-02 02:24:35,748 INFO p.BasePage [main] Logout
2023-06-02 02:24:35,935 INFO p.BasePage [main] Open browserstack
2023-06-02 02:24:36,005 INFO p.BasePage [main] Confirm the agreement
2023-06-02 02:24:37,014 INFO p.BasePage [main] Type Username
2023-06-02 02:24:37,014 INFO p.BasePage [main] Type Password
2023-06-02 02:24:38,965 INFO p.BasePage [main] Logout
2023-06-02 02:24:39,142 INFO p.BasePage [main] Open browserstack
2023-06-02 02:24:39,220 INFO p.BasePage [main] Confirm the agreement
2023-06-02 02:24:40,207 INFO p.BasePage [main] Type Username
2023-06-02 02:24:40,207 INFO p.BasePage [main] Type Password
2023-06-02 02:24:42,216 INFO p.BasePage [main] Logout
2023-06-02 02:24:42,403 INFO p.BasePage [main] Open browserstack
2023-06-02 02:24:42,594 INFO p.BasePage [main] Confirm the agreement
2023-06-02 02:24:43,589 INFO p.BasePage [main] Type Username
2023-06-02 02:24:43,589 INFO p.BasePage [main] Type Password
2023-06-02 02:24:45,134 INFO p.BasePage [main] Logout
2023-06-02 02:29:06,704 INFO p.BasePage [main] Open browserstack
2023-06-02 02:29:06,881 INFO p.BasePage [main] Confirm the agreement
2023-06-02 02:29:09,044 INFO p.BasePage [main] Accept Cookies
2023-06-02 02:29:09,556 INFO p.BasePage [main] Type Username
2023-06-02 02:29:09,556 INFO p.BasePage [main] Type Password
2023-06-02 02:29:12,794 INFO p.BasePage [main] Logout
2023-06-02 02:29:12,968 INFO p.BasePage [main] Open browserstack
2023-06-02 02:29:13,052 INFO p.BasePage [main] Confirm the agreement
2023-06-02 02:29:14,025 INFO p.BasePage [main] Type Username
2023-06-02 02:29:14,025 INFO p.BasePage [main] Type Password
2023-06-02 02:29:16,024 INFO p.BasePage [main] Logout
2023-06-02 02:29:16,243 INFO p.BasePage [main] Open browserstack
2023-06-02 02:29:16,313 INFO p.BasePage [main] Confirm the agreement
2023-06-02 02:29:17,268 INFO p.BasePage [main] Type Username
2023-06-02 02:29:17,268 INFO p.BasePage [main] Type Password
2023-06-02 02:29:19,420 INFO p.BasePage [main] Logout
2023-06-02 02:29:19,608 INFO p.BasePage [main] Open browserstack
2023-06-02 02:29:19,794 INFO p.BasePage [main] Confirm the agreement
2023-06-02 02:29:20,723 INFO p.BasePage [main] Type Username
2023-06-02 02:29:20,724 INFO p.BasePage [main] Type Password
2023-06-02 02:29:22,272 INFO p.BasePage [main] Logout
2023-06-02 17:15:48,318 INFO p.BasePage [main] Open browserstack
2023-06-02 17:15:48,642 INFO p.BasePage [main] Open browserstack
2023-06-02 17:16:25,882 INFO p.BasePage [main] Open browserstack
2023-06-02 17:16:26,067 INFO p.BasePage [main] Confirm the agreement
2023-06-02 17:16:29,177 INFO p.BasePage [main] Accept Cookies
2023-06-02 17:16:29,699 INFO p.BasePage [main] Type Username
2023-06-02 17:16:29,699 INFO p.BasePage [main] Type Password
2023-06-02 17:16:34,645 INFO p.BasePage [main] Logout
2023-06-02 17:16:34,829 INFO p.BasePage [main] Open browserstack
2023-06-02 17:16:34,926 INFO p.BasePage [main] Confirm the agreement
2023-06-02 17:16:35,980 INFO p.BasePage [main] Type Username
2023-06-02 17:16:35,980 INFO p.BasePage [main] Type Password
2023-06-02 17:16:38,727 INFO p.BasePage [main] Logout
2023-06-02 17:16:38,919 INFO p.BasePage [main] Open browserstack
2023-06-02 17:16:38,988 INFO p.BasePage [main] Confirm the agreement
2023-06-02 17:16:39,914 INFO p.BasePage [main] Type Username
2023-06-02 17:16:39,914 INFO p.BasePage [main] Type Password
2023-06-02 17:16:42,891 INFO p.BasePage [main] Logout
2023-06-02 17:16:43,073 INFO p.BasePage [main] Open browserstack
2023-06-02 17:16:43,277 INFO p.BasePage [main] Confirm the agreement
2023-06-02 17:16:44,226 INFO p.BasePage [main] Type Username
2023-06-02 17:16:44,226 INFO p.BasePage [main] Type Password
2023-06-02 17:16:46,371 INFO p.BasePage [main] Logout
2023-06-02 17:18:39,474 INFO p.BasePage [main] Open browserstack
2023-06-02 17:18:39,630 INFO p.BasePage [main] Confirm the agreement
2023-06-02 17:18:41,745 INFO p.BasePage [main] Accept Cookies
2023-06-02 17:18:42,267 INFO p.BasePage [main] Type Username
2023-06-02 17:18:42,267 INFO p.BasePage [main] Type Password
2023-06-02 17:18:44,884 INFO p.BasePage [main] Logout
2023-06-02 17:18:45,056 INFO p.BasePage [main] Open browserstack
2023-06-02 17:18:45,134 INFO p.BasePage [main] Confirm the agreement
2023-06-02 17:18:46,125 INFO p.BasePage [main] Type Username
2023-06-02 17:18:46,125 INFO p.BasePage [main] Type Password
2023-06-02 17:18:48,221 INFO p.BasePage [main] Logout
2023-06-02 17:18:48,407 INFO p.BasePage [main] Open browserstack
2023-06-02 17:18:48,484 INFO p.BasePage [main] Confirm the agreement
2023-06-02 17:18:49,459 INFO p.BasePage [main] Type Username
2023-06-02 17:18:49,459 INFO p.BasePage [main] Type Password
2023-06-02 17:18:51,412 INFO p.BasePage [main] Logout
2023-06-02 17:18:51,591 INFO p.BasePage [main] Open browserstack
2023-06-02 17:18:51,786 INFO p.BasePage [main] Confirm the agreement
2023-06-02 17:18:52,824 INFO p.BasePage [main] Type Username
2023-06-02 17:18:52,824 INFO p.BasePage [main] Type Password
2023-06-02 17:18:54,301 INFO p.BasePage [main] Logout
2023-06-11 14:42:01,834 INFO p.BasePage [main] Open browserstack
2023-06-11 14:42:01,934 INFO p.BasePage [main] Confirm the agreement
2023-06-11 14:42:04,936 INFO p.BasePage [main] Accept Cookies
2023-06-11 14:42:05,361 INFO p.BasePage [main] Type Username
2023-06-11 14:42:05,361 INFO p.BasePage [main] Type Password
2023-06-11 14:42:11,286 INFO p.BasePage [main] Logout
2023-06-11 14:42:11,493 INFO p.BasePage [main] Open browserstack
2023-06-11 14:42:11,540 INFO p.BasePage [main] Confirm the agreement
2023-06-11 14:42:12,505 INFO p.BasePage [main] Type Username
2023-06-11 14:42:12,506 INFO p.BasePage [main] Type Password
2023-06-11 14:42:14,467 INFO p.BasePage [main] Logout
2023-06-11 14:42:14,688 INFO p.BasePage [main] Open browserstack
2023-06-11 14:42:14,737 INFO p.BasePage [main] Confirm the agreement
2023-06-11 14:42:16,695 INFO p.BasePage [main] Type Username
2023-06-11 14:42:16,695 INFO p.BasePage [main] Type Password
2023-06-11 14:42:19,254 INFO p.BasePage [main] Logout
2023-06-11 14:42:19,480 INFO p.BasePage [main] Open browserstack
2023-06-11 14:42:19,605 INFO p.BasePage [main] Confirm the agreement
2023-06-11 14:42:20,455 INFO p.BasePage [main] Type Username
2023-06-11 14:42:20,455 INFO p.BasePage [main] Type Password
2023-06-11 14:42:24,800 INFO p.BasePage [main] Logout
2023-06-11 14:42:49,497 INFO p.BasePage [main] Open browserstack
2023-06-11 14:42:49,593 INFO p.BasePage [main] Confirm the agreement
2023-06-11 14:42:52,019 INFO p.BasePage [main] Accept Cookies
2023-06-11 14:42:52,431 INFO p.BasePage [main] Type Username
2023-06-11 14:42:52,431 INFO p.BasePage [main] Type Password
2023-06-11 14:42:55,106 INFO p.BasePage [main] Logout
2023-06-11 14:42:55,282 INFO p.BasePage [main] Open browserstack
2023-06-11 14:42:55,327 INFO p.BasePage [main] Confirm the agreement
2023-06-11 14:42:56,245 INFO p.BasePage [main] Type Username
2023-06-11 14:42:56,245 INFO p.BasePage [main] Type Password
2023-06-11 14:42:58,240 INFO p.BasePage [main] Logout
2023-06-11 14:42:58,421 INFO p.BasePage [main] Open browserstack
2023-06-11 14:42:58,472 INFO p.BasePage [main] Confirm the agreement
2023-06-11 14:42:59,342 INFO p.BasePage [main] Type Username
2023-06-11 14:42:59,342 INFO p.BasePage [main] Type Password
2023-06-11 14:43:01,172 INFO p.BasePage [main] Logout
2023-06-11 14:43:01,371 INFO p.BasePage [main] Open browserstack
2023-06-11 14:43:01,491 INFO p.BasePage [main] Confirm the agreement
2023-06-11 14:43:02,425 INFO p.BasePage [main] Type Username
2023-06-11 14:43:02,425 INFO p.BasePage [main] Type Password
2023-06-11 14:43:03,715 INFO p.BasePage [main] Logout
